

Started GET "/" for ::1 at 2016-10-17 10:13:50 +0200
  [1m[36mActiveRecord::SchemaMigration Load (25.1ms)[0m  [1mSELECT "schema_migrations".* FROM "schema_migrations"[0m
Processing by FeaturesController#index as HTML
  [1m[35mField Load (25.1ms)[0m  SELECT "fields".* FROM "fields" WHERE "fields"."parent_id" IS NULL  ORDER BY parent_id, position
  [1m[36mField Load (0.7ms)[0m  [1mSELECT "fields".* FROM "fields" WHERE "fields"."parent_id" = $1  ORDER BY parent_id, position[0m  [["parent_id", 1]]
  [1m[35mFeature Load (8.4ms)[0m  SELECT "features".* FROM "features" WHERE "features"."field_id" = $1  ORDER BY position, level  [["field_id", 9]]
  [1m[36mFeature Load (0.6ms)[0m  [1mSELECT "features".* FROM "features" WHERE "features"."field_id" = $1  ORDER BY position, level[0m  [["field_id", 10]]
  [1m[35mFeature Load (1.2ms)[0m  SELECT "features".* FROM "features" WHERE "features"."field_id" = $1  ORDER BY position, level  [["field_id", 11]]
  [1m[36mFeature Load (0.7ms)[0m  [1mSELECT "features".* FROM "features" WHERE "features"."field_id" = $1  ORDER BY position, level[0m  [["field_id", 12]]
  [1m[35mFeature Load (5.3ms)[0m  SELECT "features".* FROM "features" WHERE "features"."field_id" = $1  ORDER BY position, level  [["field_id", 13]]
  [1m[36mFeature Load (0.5ms)[0m  [1mSELECT "features".* FROM "features" WHERE "features"."field_id" = $1  ORDER BY position, level[0m  [["field_id", 14]]
  [1m[35mFeature Load (0.4ms)[0m  SELECT "features".* FROM "features" WHERE "features"."field_id" = $1  ORDER BY position, level  [["field_id", 15]]
  [1m[36mFeature Load (0.4ms)[0m  [1mSELECT "features".* FROM "features" WHERE "features"."field_id" = $1  ORDER BY position, level[0m  [["field_id", 1]]
  [1m[35mField Load (0.8ms)[0m  SELECT  "fields".* FROM "fields" WHERE "fields"."id" = $1  ORDER BY parent_id, position LIMIT 1  [["id", 1]]
  Rendered features/_badge.html.erb (11.4ms)
  Rendered features/_badge.html.erb (0.5ms)
  Rendered features/_badge.html.erb (0.3ms)
  [1m[36mCACHE (0.0ms)[0m  [1mSELECT  "fields".* FROM "fields" WHERE "fields"."id" = $1  ORDER BY parent_id, position LIMIT 1[0m  [["id", 1]]
  Rendered features/_badge.html.erb (3.0ms)
  Rendered features/_badge.html.erb (0.6ms)
  Rendered features/_badge.html.erb (0.4ms)
  [1m[35mCACHE (0.0ms)[0m  SELECT  "fields".* FROM "fields" WHERE "fields"."id" = $1  ORDER BY parent_id, position LIMIT 1  [["id", 1]]
  Rendered features/_badge.html.erb (4.5ms)
  Rendered features/_badge.html.erb (0.5ms)
  Rendered features/_badge.html.erb (0.5ms)
  [1m[36mCACHE (0.0ms)[0m  [1mSELECT  "fields".* FROM "fields" WHERE "fields"."id" = $1  ORDER BY parent_id, position LIMIT 1[0m  [["id", 1]]
  Rendered features/_badge.html.erb (3.3ms)
  Rendered features/_badge.html.erb (0.5ms)
  Rendered features/_badge.html.erb (0.6ms)
  [1m[35mCACHE (0.0ms)[0m  SELECT  "fields".* FROM "fields" WHERE "fields"."id" = $1  ORDER BY parent_id, position LIMIT 1  [["id", 1]]
  Rendered features/_badge.html.erb (4.2ms)
  Rendered features/_badge.html.erb (0.5ms)
  Rendered features/_badge.html.erb (0.4ms)
  [1m[36mCACHE (0.0ms)[0m  [1mSELECT  "fields".* FROM "fields" WHERE "fields"."id" = $1  ORDER BY parent_id, position LIMIT 1[0m  [["id", 1]]
  Rendered features/_badge.html.erb (2.3ms)
  Rendered features/_badge.html.erb (0.5ms)
  Rendered features/_badge.html.erb (0.4ms)
  [1m[35mCACHE (0.0ms)[0m  SELECT  "fields".* FROM "fields" WHERE "fields"."id" = $1  ORDER BY parent_id, position LIMIT 1  [["id", 1]]
  Rendered features/_badge.html.erb (2.9ms)
  Rendered features/_badge.html.erb (0.6ms)
  Rendered features/_badge.html.erb (0.5ms)
  [1m[36mField Load (0.9ms)[0m  [1mSELECT "fields".* FROM "fields" WHERE "fields"."parent_id" = $1  ORDER BY parent_id, position[0m  [["parent_id", 2]]
  [1m[35mFeature Load (0.5ms)[0m  SELECT "features".* FROM "features" WHERE "features"."field_id" = $1  ORDER BY position, level  [["field_id", 16]]
  [1m[36mFeature Load (0.4ms)[0m  [1mSELECT "features".* FROM "features" WHERE "features"."field_id" = $1  ORDER BY position, level[0m  [["field_id", 17]]
  [1m[35mFeature Load (0.4ms)[0m  SELECT "features".* FROM "features" WHERE "features"."field_id" = $1  ORDER BY position, level  [["field_id", 18]]
  [1m[36mFeature Load (0.4ms)[0m  [1mSELECT "features".* FROM "features" WHERE "features"."field_id" = $1  ORDER BY position, level[0m  [["field_id", 2]]
  [1m[35mField Load (0.6ms)[0m  SELECT  "fields".* FROM "fields" WHERE "fields"."id" = $1  ORDER BY parent_id, position LIMIT 1  [["id", 2]]
  Rendered features/_badge.html.erb (3.5ms)
  Rendered features/_badge.html.erb (0.5ms)
  Rendered features/_badge.html.erb (0.4ms)
  [1m[36mCACHE (0.1ms)[0m  [1mSELECT  "fields".* FROM "fields" WHERE "fields"."id" = $1  ORDER BY parent_id, position LIMIT 1[0m  [["id", 2]]
  Rendered features/_badge.html.erb (2.3ms)
  Rendered features/_badge.html.erb (0.4ms)
  Rendered features/_badge.html.erb (0.4ms)
  [1m[35mCACHE (0.0ms)[0m  SELECT  "fields".* FROM "fields" WHERE "fields"."id" = $1  ORDER BY parent_id, position LIMIT 1  [["id", 2]]
  Rendered features/_badge.html.erb (2.7ms)
  Rendered features/_badge.html.erb (0.6ms)
  Rendered features/_badge.html.erb (0.6ms)
  [1m[36mField Load (0.8ms)[0m  [1mSELECT "fields".* FROM "fields" WHERE "fields"."parent_id" = $1  ORDER BY parent_id, position[0m  [["parent_id", 3]]
  [1m[35mFeature Load (11.7ms)[0m  SELECT "features".* FROM "features" WHERE "features"."field_id" = $1  ORDER BY position, level  [["field_id", 8]]
  [1m[36mFeature Load (0.5ms)[0m  [1mSELECT "features".* FROM "features" WHERE "features"."field_id" = $1  ORDER BY position, level[0m  [["field_id", 6]]
  [1m[35mFeature Load (0.4ms)[0m  SELECT "features".* FROM "features" WHERE "features"."field_id" = $1  ORDER BY position, level  [["field_id", 7]]
  [1m[36mFeature Load (0.4ms)[0m  [1mSELECT "features".* FROM "features" WHERE "features"."field_id" = $1  ORDER BY position, level[0m  [["field_id", 5]]
  [1m[35mFeature Load (0.4ms)[0m  SELECT "features".* FROM "features" WHERE "features"."field_id" = $1  ORDER BY position, level  [["field_id", 4]]
  [1m[36mFeature Load (0.4ms)[0m  [1mSELECT "features".* FROM "features" WHERE "features"."field_id" = $1  ORDER BY position, level[0m  [["field_id", 3]]
  [1m[35mField Load (0.6ms)[0m  SELECT  "fields".* FROM "fields" WHERE "fields"."id" = $1  ORDER BY parent_id, position LIMIT 1  [["id", 3]]
  Rendered features/_badge.html.erb (3.1ms)
  Rendered features/_badge.html.erb (0.5ms)
  Rendered features/_badge.html.erb (0.4ms)
  [1m[36mCACHE (0.0ms)[0m  [1mSELECT  "fields".* FROM "fields" WHERE "fields"."id" = $1  ORDER BY parent_id, position LIMIT 1[0m  [["id", 3]]
  Rendered features/_badge.html.erb (3.8ms)
  Rendered features/_badge.html.erb (0.5ms)
  Rendered features/_badge.html.erb (0.5ms)
  [1m[35mCACHE (0.0ms)[0m  SELECT  "fields".* FROM "fields" WHERE "fields"."id" = $1  ORDER BY parent_id, position LIMIT 1  [["id", 3]]
  Rendered features/_badge.html.erb (2.8ms)
  Rendered features/_badge.html.erb (0.5ms)
  Rendered features/_badge.html.erb (0.5ms)
  [1m[36mCACHE (0.0ms)[0m  [1mSELECT  "fields".* FROM "fields" WHERE "fields"."id" = $1  ORDER BY parent_id, position LIMIT 1[0m  [["id", 3]]
  Rendered features/_badge.html.erb (2.8ms)
  Rendered features/_badge.html.erb (0.8ms)
  Rendered features/_badge.html.erb (0.5ms)
  [1m[35mCACHE (0.0ms)[0m  SELECT  "fields".* FROM "fields" WHERE "fields"."id" = $1  ORDER BY parent_id, position LIMIT 1  [["id", 3]]
  Rendered features/_badge.html.erb (2.4ms)
  Rendered features/_badge.html.erb (0.8ms)
  Rendered features/_badge.html.erb (0.4ms)
  Rendered features/index.html.erb within layouts/application (409.7ms)
Completed 200 OK in 1473ms (Views: 1265.6ms | ActiveRecord: 97.1ms)


Started GET "/assets/application.self-bcbe8dfb520fa3fe5c53d5c216000ed6873556bfff0a2bb21c74b1306df205ef.css?body=1" for ::1 at 2016-10-17 10:13:52 +0200


Started GET "/assets/bootstrap/transition.self-6ad2488465135ab731a045a8ebbe3ea2fc501aed286042496eda1664fdd07ba9.js?body=1" for ::1 at 2016-10-17 10:13:53 +0200


Started GET "/assets/bootstrap/alert.self-742145c5bb847aafdadc6e339be795628f8bc25f177e851f03a8c42278eb0312.js?body=1" for ::1 at 2016-10-17 10:13:53 +0200


Started GET "/assets/bootstrap/modal.self-3e78617ade5663314b7ee0ea10375a5b34d59ffbade44939e3f2a4e4ef2019b3.js?body=1" for ::1 at 2016-10-17 10:13:53 +0200


Started GET "/assets/bootstrap/collapse.self-2eb697f62b587bb786ff940d82dd4be88cdeeaf13ca128e3da3850c5fcaec301.js?body=1" for ::1 at 2016-10-17 10:13:53 +0200


Started GET "/assets/bootstrap/carousel.self-e47323f363ceb3dc0bdbce05e36e709ed428e339833a41140a85cb0af24b8127.js?body=1" for ::1 at 2016-10-17 10:13:53 +0200


Started GET "/assets/bootstrap/scrollspy.self-969f3c5f48cdf1e439c7fa1154c13b948715f5c689f87837c0b64521d3b46ef6.js?body=1" for ::1 at 2016-10-17 10:13:53 +0200


Started GET "/assets/bootstrap/tooltip.self-05afb177e08f98997ccfc84fa08a215e4b27d48d5fe4d049080675e9dffd8199.js?body=1" for ::1 at 2016-10-17 10:13:53 +0200


Started GET "/assets/bootstrap/popover.self-0aa93860b59fe7393f1dd490f54b3cb994f9d6155adffce034d4e14ae361b041.js?body=1" for ::1 at 2016-10-17 10:13:53 +0200


Started GET "/assets/bootstrap-sprockets.self-fbfa5ad7d9aa0afe439ec4ff3883acc4cb92b62cb67c40d674320c9aa1d4642d.js?body=1" for ::1 at 2016-10-17 10:13:53 +0200


Started GET "/assets/bootstrap/affix.self-6d6f1a7fc5c8aabf3547fa1b794fab6268f54bc55ad815e55873c71f52513517.js?body=1" for ::1 at 2016-10-17 10:13:53 +0200


Started GET "/assets/workshops.self-19a187bec6cdb96d6de80a61c16c857c613536adf9138476bd367db38d282635.js?body=1" for ::1 at 2016-10-17 10:13:53 +0200


Started GET "/assets/application.self-d088784b7ecb87f1ea17e6f982fa968ffefcc07b79de6ecc548fc00242868da6.js?body=1" for ::1 at 2016-10-17 10:13:53 +0200


Started GET "/assets/badge-8676f7267d8f6c7b0d3e3067ed25abe088ea19553974d9a0806a2541f06a1db5.png" for ::1 at 2016-10-17 10:13:53 +0200


Started GET "/" for ::1 at 2016-10-17 17:01:01 +0200
  [1m[36mActiveRecord::SchemaMigration Load (1.1ms)[0m  [1mSELECT "schema_migrations".* FROM "schema_migrations"[0m
Processing by FeaturesController#index as HTML
  [1m[35mField Load (1.5ms)[0m  SELECT "fields".* FROM "fields" WHERE "fields"."parent_id" IS NULL  ORDER BY parent_id, position
  [1m[36mField Load (0.7ms)[0m  [1mSELECT "fields".* FROM "fields" WHERE "fields"."parent_id" = $1  ORDER BY parent_id, position[0m  [["parent_id", 1]]
  [1m[35mFeature Load (0.7ms)[0m  SELECT "features".* FROM "features" WHERE "features"."field_id" = $1  ORDER BY position, level  [["field_id", 9]]
  [1m[36mFeature Load (0.7ms)[0m  [1mSELECT "features".* FROM "features" WHERE "features"."field_id" = $1  ORDER BY position, level[0m  [["field_id", 10]]
  [1m[35mFeature Load (0.7ms)[0m  SELECT "features".* FROM "features" WHERE "features"."field_id" = $1  ORDER BY position, level  [["field_id", 11]]
  [1m[36mFeature Load (0.6ms)[0m  [1mSELECT "features".* FROM "features" WHERE "features"."field_id" = $1  ORDER BY position, level[0m  [["field_id", 12]]
  [1m[35mFeature Load (0.7ms)[0m  SELECT "features".* FROM "features" WHERE "features"."field_id" = $1  ORDER BY position, level  [["field_id", 13]]
  [1m[36mFeature Load (0.7ms)[0m  [1mSELECT "features".* FROM "features" WHERE "features"."field_id" = $1  ORDER BY position, level[0m  [["field_id", 14]]
  [1m[35mFeature Load (0.5ms)[0m  SELECT "features".* FROM "features" WHERE "features"."field_id" = $1  ORDER BY position, level  [["field_id", 15]]
  [1m[36mFeature Load (0.5ms)[0m  [1mSELECT "features".* FROM "features" WHERE "features"."field_id" = $1  ORDER BY position, level[0m  [["field_id", 1]]
  [1m[35mField Load (0.5ms)[0m  SELECT  "fields".* FROM "fields" WHERE "fields"."id" = $1  ORDER BY parent_id, position LIMIT 1  [["id", 1]]
  Rendered features/_badge.html.erb (11.2ms)
  Rendered features/_badge.html.erb (0.6ms)
  Rendered features/_badge.html.erb (0.5ms)
  [1m[36mCACHE (0.0ms)[0m  [1mSELECT  "fields".* FROM "fields" WHERE "fields"."id" = $1  ORDER BY parent_id, position LIMIT 1[0m  [["id", 1]]
  Rendered features/_badge.html.erb (2.3ms)
  Rendered features/_badge.html.erb (1.1ms)
  Rendered features/_badge.html.erb (0.6ms)
  [1m[35mCACHE (0.0ms)[0m  SELECT  "fields".* FROM "fields" WHERE "fields"."id" = $1  ORDER BY parent_id, position LIMIT 1  [["id", 1]]
  Rendered features/_badge.html.erb (3.9ms)
  Rendered features/_badge.html.erb (0.5ms)
  Rendered features/_badge.html.erb (0.6ms)
  [1m[36mCACHE (0.0ms)[0m  [1mSELECT  "fields".* FROM "fields" WHERE "fields"."id" = $1  ORDER BY parent_id, position LIMIT 1[0m  [["id", 1]]
  Rendered features/_badge.html.erb (3.4ms)
  Rendered features/_badge.html.erb (0.4ms)
  Rendered features/_badge.html.erb (0.4ms)
  [1m[35mCACHE (0.0ms)[0m  SELECT  "fields".* FROM "fields" WHERE "fields"."id" = $1  ORDER BY parent_id, position LIMIT 1  [["id", 1]]
  Rendered features/_badge.html.erb (2.3ms)
  Rendered features/_badge.html.erb (0.5ms)
  Rendered features/_badge.html.erb (0.6ms)
  [1m[36mCACHE (0.1ms)[0m  [1mSELECT  "fields".* FROM "fields" WHERE "fields"."id" = $1  ORDER BY parent_id, position LIMIT 1[0m  [["id", 1]]
  Rendered features/_badge.html.erb (5.5ms)
  Rendered features/_badge.html.erb (0.4ms)
  Rendered features/_badge.html.erb (0.3ms)
  [1m[35mCACHE (0.0ms)[0m  SELECT  "fields".* FROM "fields" WHERE "fields"."id" = $1  ORDER BY parent_id, position LIMIT 1  [["id", 1]]
  Rendered features/_badge.html.erb (2.9ms)
  Rendered features/_badge.html.erb (0.5ms)
  Rendered features/_badge.html.erb (0.5ms)
  [1m[36mField Load (0.6ms)[0m  [1mSELECT "fields".* FROM "fields" WHERE "fields"."parent_id" = $1  ORDER BY parent_id, position[0m  [["parent_id", 2]]
  [1m[35mFeature Load (0.6ms)[0m  SELECT "features".* FROM "features" WHERE "features"."field_id" = $1  ORDER BY position, level  [["field_id", 16]]
  [1m[36mFeature Load (0.5ms)[0m  [1mSELECT "features".* FROM "features" WHERE "features"."field_id" = $1  ORDER BY position, level[0m  [["field_id", 17]]
  [1m[35mFeature Load (0.5ms)[0m  SELECT "features".* FROM "features" WHERE "features"."field_id" = $1  ORDER BY position, level  [["field_id", 18]]
  [1m[36mFeature Load (0.4ms)[0m  [1mSELECT "features".* FROM "features" WHERE "features"."field_id" = $1  ORDER BY position, level[0m  [["field_id", 2]]
  [1m[35mField Load (0.6ms)[0m  SELECT  "fields".* FROM "fields" WHERE "fields"."id" = $1  ORDER BY parent_id, position LIMIT 1  [["id", 2]]
  Rendered features/_badge.html.erb (3.6ms)
  Rendered features/_badge.html.erb (0.5ms)
  Rendered features/_badge.html.erb (0.4ms)
  [1m[36mCACHE (0.0ms)[0m  [1mSELECT  "fields".* FROM "fields" WHERE "fields"."id" = $1  ORDER BY parent_id, position LIMIT 1[0m  [["id", 2]]
  Rendered features/_badge.html.erb (2.8ms)
  Rendered features/_badge.html.erb (0.8ms)
  Rendered features/_badge.html.erb (0.5ms)
  [1m[35mCACHE (0.0ms)[0m  SELECT  "fields".* FROM "fields" WHERE "fields"."id" = $1  ORDER BY parent_id, position LIMIT 1  [["id", 2]]
  Rendered features/_badge.html.erb (2.5ms)
  Rendered features/_badge.html.erb (0.4ms)
  Rendered features/_badge.html.erb (0.7ms)
  [1m[36mField Load (0.6ms)[0m  [1mSELECT "fields".* FROM "fields" WHERE "fields"."parent_id" = $1  ORDER BY parent_id, position[0m  [["parent_id", 3]]
  [1m[35mFeature Load (0.5ms)[0m  SELECT "features".* FROM "features" WHERE "features"."field_id" = $1  ORDER BY position, level  [["field_id", 8]]
  [1m[36mFeature Load (0.5ms)[0m  [1mSELECT "features".* FROM "features" WHERE "features"."field_id" = $1  ORDER BY position, level[0m  [["field_id", 6]]
  [1m[35mFeature Load (0.4ms)[0m  SELECT "features".* FROM "features" WHERE "features"."field_id" = $1  ORDER BY position, level  [["field_id", 7]]
  [1m[36mFeature Load (0.5ms)[0m  [1mSELECT "features".* FROM "features" WHERE "features"."field_id" = $1  ORDER BY position, level[0m  [["field_id", 5]]
  [1m[35mFeature Load (0.4ms)[0m  SELECT "features".* FROM "features" WHERE "features"."field_id" = $1  ORDER BY position, level  [["field_id", 4]]
  [1m[36mFeature Load (0.5ms)[0m  [1mSELECT "features".* FROM "features" WHERE "features"."field_id" = $1  ORDER BY position, level[0m  [["field_id", 3]]
  [1m[35mField Load (0.6ms)[0m  SELECT  "fields".* FROM "fields" WHERE "fields"."id" = $1  ORDER BY parent_id, position LIMIT 1  [["id", 3]]
  Rendered features/_badge.html.erb (4.0ms)
  Rendered features/_badge.html.erb (0.5ms)
  Rendered features/_badge.html.erb (0.5ms)
  [1m[36mCACHE (0.1ms)[0m  [1mSELECT  "fields".* FROM "fields" WHERE "fields"."id" = $1  ORDER BY parent_id, position LIMIT 1[0m  [["id", 3]]
  Rendered features/_badge.html.erb (5.7ms)
  Rendered features/_badge.html.erb (0.6ms)
  Rendered features/_badge.html.erb (1.0ms)
  [1m[35mCACHE (0.0ms)[0m  SELECT  "fields".* FROM "fields" WHERE "fields"."id" = $1  ORDER BY parent_id, position LIMIT 1  [["id", 3]]
  Rendered features/_badge.html.erb (4.0ms)
  Rendered features/_badge.html.erb (0.5ms)
  Rendered features/_badge.html.erb (0.4ms)
  [1m[36mCACHE (0.1ms)[0m  [1mSELECT  "fields".* FROM "fields" WHERE "fields"."id" = $1  ORDER BY parent_id, position LIMIT 1[0m  [["id", 3]]
  Rendered features/_badge.html.erb (16.5ms)
  Rendered features/_badge.html.erb (0.5ms)
  Rendered features/_badge.html.erb (0.5ms)
  [1m[35mCACHE (0.0ms)[0m  SELECT  "fields".* FROM "fields" WHERE "fields"."id" = $1  ORDER BY parent_id, position LIMIT 1  [["id", 3]]
  Rendered features/_badge.html.erb (2.0ms)
  Rendered features/_badge.html.erb (0.5ms)
  Rendered features/_badge.html.erb (0.5ms)
  Rendered features/index.html.erb within layouts/application (426.4ms)
Completed 200 OK in 2374ms (Views: 2183.9ms | ActiveRecord: 33.9ms)


Started GET "/users/sign_in" for ::1 at 2016-10-17 17:01:14 +0200
Processing by Devise::SessionsController#new as HTML
  Rendered devise/sessions/new.html.erb within layouts/application (422.4ms)
Completed 200 OK in 550ms (Views: 541.9ms | ActiveRecord: 0.0ms)


Started GET "/users/password/new" for ::1 at 2016-10-17 17:01:23 +0200
Processing by Devise::PasswordsController#new as HTML
  Rendered devise/passwords/new.html.erb within layouts/application (7.5ms)
Completed 200 OK in 150ms (Views: 147.9ms | ActiveRecord: 0.0ms)
